<?xml version="1.0" encoding="UTF-8"?>
<testng-results skipped="0" failed="0" ignored="0" total="1" passed="1">
  <reporter-output>
  </reporter-output>
  <suite name="Suite" duration-ms="9453" started-at="2022-08-22T14:59:09Z" finished-at="2022-08-22T14:59:18Z">
    <groups>
    </groups>
    <test name="Test" duration-ms="9453" started-at="2022-08-22T14:59:09Z" finished-at="2022-08-22T14:59:18Z">
      <class name="com.test.TestFacebook">
        <test-method status="PASS" signature="exquting_testcase()[pri:0, instance:com.test.TestFacebook@6d2a209c]" name="exquting_testcase" is-config="true" duration-ms="17" started-at="2022-08-22T14:59:09Z" finished-at="2022-08-22T14:59:09Z">
          <reporter-output>
          </reporter-output>
        </test-method> <!-- exquting_testcase -->
        <test-method status="PASS" signature="lanuchUrl()[pri:0, instance:com.test.TestFacebook@6d2a209c]" name="lanuchUrl" duration-ms="9393" started-at="2022-08-22T14:59:09Z" finished-at="2022-08-22T14:59:18Z">
          <reporter-output>
          </reporter-output>
        </test-method> <!-- lanuchUrl -->
        <test-method status="PASS" signature="exequting_Testcase_done()[pri:0, instance:com.test.TestFacebook@6d2a209c]" name="exequting_Testcase_done" is-config="true" duration-ms="0" started-at="2022-08-22T14:59:18Z" finished-at="2022-08-22T14:59:18Z">
          <reporter-output>
          </reporter-output>
        </test-method> <!-- exequting_Testcase_done -->
      </class> <!-- com.test.TestFacebook -->
    </test> <!-- Test -->
  </suite> <!-- Suite -->
</testng-results>
